<?xml version="1.0" encoding="UTF-8"?>
<testng-results ignored="0" total="5" passed="5" failed="0" skipped="0">
  <reporter-output>
  </reporter-output>
  <suite started-at="2025-09-01T14:18:00 IST" name="Default suite" finished-at="2025-09-01T14:18:48 IST" duration-ms="48319">
    <groups>
    </groups>
    <test started-at="2025-09-01T14:18:00 IST" name="Default test" finished-at="2025-09-01T14:18:48 IST" duration-ms="48319">
      <class name="first.SignInData">
        <test-method signature="testLogin(java.lang.String,java.lang.String)[pri:0, instance:first.SignInData@7a8c8dcf]" started-at="2025-09-01T14:18:01 IST" name="testLogin" data-provider="excelData" finished-at="2025-09-01T14:18:13 IST" duration-ms="12151" status="PASS">
          <params>
            <param index="0">
              <value>
                <![CDATA[demouser]]>
              </value>
            </param>
            <param index="1">
              <value>
                <![CDATA[testingisfun99]]>
              </value>
            </param>
          </params>
          <reporter-output>
          </reporter-output>
        </test-method> <!-- testLogin -->
        <test-method signature="testLogin(java.lang.String,java.lang.String)[pri:0, instance:first.SignInData@7a8c8dcf]" started-at="2025-09-01T14:18:13 IST" name="testLogin" data-provider="excelData" finished-at="2025-09-01T14:18:22 IST" duration-ms="8929" status="PASS">
          <params>
            <param index="0">
              <value>
                <![CDATA[fav_user]]>
              </value>
            </param>
            <param index="1">
              <value>
                <![CDATA[testingisfun99]]>
              </value>
            </param>
          </params>
          <reporter-output>
          </reporter-output>
        </test-method> <!-- testLogin -->
        <test-method signature="testLogin(java.lang.String,java.lang.String)[pri:0, instance:first.SignInData@7a8c8dcf]" started-at="2025-09-01T14:18:22 IST" name="testLogin" data-provider="excelData" finished-at="2025-09-01T14:18:31 IST" duration-ms="8849" status="PASS">
          <params>
            <param index="0">
              <value>
                <![CDATA[image]]>
              </value>
            </param>
            <param index="1">
              <value>
                <![CDATA[testingisfun99]]>
              </value>
            </param>
          </params>
          <reporter-output>
          </reporter-output>
        </test-method> <!-- testLogin -->
        <test-method signature="testLogin(java.lang.String,java.lang.String)[pri:0, instance:first.SignInData@7a8c8dcf]" started-at="2025-09-01T14:18:31 IST" name="testLogin" data-provider="excelData" finished-at="2025-09-01T14:18:40 IST" duration-ms="8864" status="PASS">
          <params>
            <param index="0">
              <value>
                <![CDATA[existing]]>
              </value>
            </param>
            <param index="1">
              <value>
                <![CDATA[testingisfun99]]>
              </value>
            </param>
          </params>
          <reporter-output>
          </reporter-output>
        </test-method> <!-- testLogin -->
        <test-method signature="testLogin(java.lang.String,java.lang.String)[pri:0, instance:first.SignInData@7a8c8dcf]" started-at="2025-09-01T14:18:40 IST" name="testLogin" data-provider="excelData" finished-at="2025-09-01T14:18:48 IST" duration-ms="8734" status="PASS">
          <params>
            <param index="0">
              <value>
                <![CDATA[locked]]>
              </value>
            </param>
            <param index="1">
              <value>
                <![CDATA[testingisfun99]]>
              </value>
            </param>
          </params>
          <reporter-output>
          </reporter-output>
        </test-method> <!-- testLogin -->
      </class> <!-- first.SignInData -->
    </test> <!-- Default test -->
  </suite> <!-- Default suite -->
</testng-results>
