<?xml version="1.0" encoding="UTF-8"?>
<!-- Generated by org.testng.reporters.JUnitXMLReporter -->
<testsuite ignored="0" hostname="MyprogramC28" failures="0" tests="5" name="Default test" time="48.319" errors="0" timestamp="2025-09-01T14:18:48 IST">
  <testcase classname="first.SignInData" name="testLogin" time="12.151"/>
  <testcase classname="first.SignInData" name="testLogin" time="8.929"/>
  <testcase classname="first.SignInData" name="testLogin" time="8.849"/>
  <testcase classname="first.SignInData" name="testLogin" time="8.864"/>
  <testcase classname="first.SignInData" name="testLogin" time="8.734"/>
</testsuite> <!-- Default test -->
